<?xml version="1.0" encoding="UTF-8"?>
<!-- Generated by org.testng.reporters.JUnitReportReporter -->
<testsuite hostname="DESKTOP-FF2LL4F" failures="0" tests="2" name="api.test.userTests" time="4.172" errors="0" timestamp="2025-10-10T17:24:02 CDT" skipped="0">
  <testcase classname="api.test.userTests" name="testPostUser" time="3.912"/>
  <testcase classname="api.test.userTests" name="testGetUser" time="0.260"/>
</testsuite> <!-- api.test.userTests -->
