<?xml version="1.0" encoding="UTF-8"?>
<!-- Generated by org.testng.reporters.JUnitReportReporter -->
<testsuite hostname="DESKTOP-FF2LL4F" failures="0" tests="2" name="api.test.userTests" time="4.042" errors="0" timestamp="2025-10-11T21:20:56 CDT" skipped="0">
  <testcase classname="api.test.userTests" name="testPostUser" time="3.715"/>
  <testcase classname="api.test.userTests" name="testGetUser" time="0.327"/>
</testsuite> <!-- api.test.userTests -->
